[debug] [2022-12-20T17:46:15.344Z] ----------------------------------------------------------------------
[debug] [2022-12-20T17:46:15.349Z] Command:       C:\Program Files\nodejs\node.exe C:\Users\govin\AppData\Roaming\npm\node_modules\firebase-tools\lib\bin\firebase.js init
[debug] [2022-12-20T17:46:15.350Z] CLI Version:   11.19.0
[debug] [2022-12-20T17:46:15.350Z] Platform:      win32
[debug] [2022-12-20T17:46:15.350Z] Node Version:  v14.18.1
[debug] [2022-12-20T17:46:15.352Z] Time:          Tue Dec 20 2022 22:46:15 GMT+0500 (Pakistan Standard Time)
[debug] [2022-12-20T17:46:15.352Z] ----------------------------------------------------------------------
[debug] 
[debug] [2022-12-20T17:46:15.362Z] > command requires scopes: ["email","openid","https://www.googleapis.com/auth/cloudplatformprojects.readonly","https://www.googleapis.com/auth/firebase","https://www.googleapis.com/auth/cloud-platform"]
[debug] [2022-12-20T17:46:15.363Z] > authorizing via signed-in user (govindmohan144@gmail.com)
[info] 
     ######## #### ########  ######## ########     ###     ######  ########
     ##        ##  ##     ## ##       ##     ##  ##   ##  ##       ##
     ######    ##  ########  ######   ########  #########  ######  ######
     ##        ##  ##    ##  ##       ##     ## ##     ##       ## ##
     ##       #### ##     ## ######## ########  ##     ##  ######  ########

You're about to initialize a Firebase project in this directory:

  E:\MERN\ContactForm\contactform

[info] 
=== Project Setup
[info] 
[info] First, let's associate this project directory with a Firebase project.
[info] You can create multiple project aliases by running firebase use --add, 
[info] but for now we'll just set up a default project.
[info] 
[debug] [2022-12-20T17:47:55.546Z] >>> [apiv2][query] GET https://firebase.googleapis.com/v1beta1/availableProjects pageSize=100
[debug] [2022-12-20T17:47:56.405Z] <<< [apiv2][status] GET https://firebase.googleapis.com/v1beta1/availableProjects 200
[debug] [2022-12-20T17:47:56.406Z] <<< [apiv2][body] GET https://firebase.googleapis.com/v1beta1/availableProjects [omitted]
[debug] [2022-12-20T17:48:08.662Z] >>> [apiv2][query] POST https://firebase.googleapis.com/v1beta1/projects/solid-photon-318014:addFirebase [none]
[debug] [2022-12-20T17:48:10.941Z] <<< [apiv2][status] POST https://firebase.googleapis.com/v1beta1/projects/solid-photon-318014:addFirebase 200
[debug] [2022-12-20T17:48:10.942Z] <<< [apiv2][body] POST https://firebase.googleapis.com/v1beta1/projects/solid-photon-318014:addFirebase {"name":"operations/workflows/NzgxMTY3OTktZDk2My00YjNlLWJjMjMtNWUwN2E4MzI5YWI4"}
[debug] [2022-12-20T17:48:10.945Z] >>> [apiv2][query] GET https://firebase.googleapis.com/v1beta1/operations/workflows/NzgxMTY3OTktZDk2My00YjNlLWJjMjMtNWUwN2E4MzI5YWI4 [none]
[debug] [2022-12-20T17:48:11.475Z] <<< [apiv2][status] GET https://firebase.googleapis.com/v1beta1/operations/workflows/NzgxMTY3OTktZDk2My00YjNlLWJjMjMtNWUwN2E4MzI5YWI4 200
[debug] [2022-12-20T17:48:11.476Z] <<< [apiv2][body] GET https://firebase.googleapis.com/v1beta1/operations/workflows/NzgxMTY3OTktZDk2My00YjNlLWJjMjMtNWUwN2E4MzI5YWI4 {"name":"operations/workflows/NzgxMTY3OTktZDk2My00YjNlLWJjMjMtNWUwN2E4MzI5YWI4"}
[debug] [2022-12-20T17:48:11.978Z] [Add Firebase Poller] Retrying task index 0
[debug] [2022-12-20T17:48:11.979Z] >>> [apiv2][query] GET https://firebase.googleapis.com/v1beta1/operations/workflows/NzgxMTY3OTktZDk2My00YjNlLWJjMjMtNWUwN2E4MzI5YWI4 [none]
[debug] [2022-12-20T17:48:12.539Z] <<< [apiv2][status] GET https://firebase.googleapis.com/v1beta1/operations/workflows/NzgxMTY3OTktZDk2My00YjNlLWJjMjMtNWUwN2E4MzI5YWI4 200
[debug] [2022-12-20T17:48:12.539Z] <<< [apiv2][body] GET https://firebase.googleapis.com/v1beta1/operations/workflows/NzgxMTY3OTktZDk2My00YjNlLWJjMjMtNWUwN2E4MzI5YWI4 {"name":"operations/workflows/NzgxMTY3OTktZDk2My00YjNlLWJjMjMtNWUwN2E4MzI5YWI4"}
[debug] [2022-12-20T17:48:13.539Z] [Add Firebase Poller] Retrying task index 0
[debug] [2022-12-20T17:48:13.540Z] >>> [apiv2][query] GET https://firebase.googleapis.com/v1beta1/operations/workflows/NzgxMTY3OTktZDk2My00YjNlLWJjMjMtNWUwN2E4MzI5YWI4 [none]
[debug] [2022-12-20T17:48:14.084Z] <<< [apiv2][status] GET https://firebase.googleapis.com/v1beta1/operations/workflows/NzgxMTY3OTktZDk2My00YjNlLWJjMjMtNWUwN2E4MzI5YWI4 200
[debug] [2022-12-20T17:48:14.084Z] <<< [apiv2][body] GET https://firebase.googleapis.com/v1beta1/operations/workflows/NzgxMTY3OTktZDk2My00YjNlLWJjMjMtNWUwN2E4MzI5YWI4 {"name":"operations/workflows/NzgxMTY3OTktZDk2My00YjNlLWJjMjMtNWUwN2E4MzI5YWI4"}
[debug] [2022-12-20T17:48:16.098Z] [Add Firebase Poller] Retrying task index 0
[debug] [2022-12-20T17:48:16.099Z] >>> [apiv2][query] GET https://firebase.googleapis.com/v1beta1/operations/workflows/NzgxMTY3OTktZDk2My00YjNlLWJjMjMtNWUwN2E4MzI5YWI4 [none]
[debug] [2022-12-20T17:48:16.670Z] <<< [apiv2][status] GET https://firebase.googleapis.com/v1beta1/operations/workflows/NzgxMTY3OTktZDk2My00YjNlLWJjMjMtNWUwN2E4MzI5YWI4 200
[debug] [2022-12-20T17:48:16.670Z] <<< [apiv2][body] GET https://firebase.googleapis.com/v1beta1/operations/workflows/NzgxMTY3OTktZDk2My00YjNlLWJjMjMtNWUwN2E4MzI5YWI4 {"name":"operations/workflows/NzgxMTY3OTktZDk2My00YjNlLWJjMjMtNWUwN2E4MzI5YWI4"}
[debug] [2022-12-20T17:48:20.673Z] [Add Firebase Poller] Retrying task index 0
[debug] [2022-12-20T17:48:20.673Z] >>> [apiv2][query] GET https://firebase.googleapis.com/v1beta1/operations/workflows/NzgxMTY3OTktZDk2My00YjNlLWJjMjMtNWUwN2E4MzI5YWI4 [none]
[debug] [2022-12-20T17:48:21.198Z] <<< [apiv2][status] GET https://firebase.googleapis.com/v1beta1/operations/workflows/NzgxMTY3OTktZDk2My00YjNlLWJjMjMtNWUwN2E4MzI5YWI4 200
[debug] [2022-12-20T17:48:21.198Z] <<< [apiv2][body] GET https://firebase.googleapis.com/v1beta1/operations/workflows/NzgxMTY3OTktZDk2My00YjNlLWJjMjMtNWUwN2E4MzI5YWI4 {"name":"operations/workflows/NzgxMTY3OTktZDk2My00YjNlLWJjMjMtNWUwN2E4MzI5YWI4","done":true,"response":{"@type":"type.googleapis.com/google.firebase.service.v1beta1.FirebaseProject","projectId":"solid-photon-318014","projectNumber":"537044392110","displayName":"My Project","name":"projects/solid-photon-318014","resources":{"hostingSite":"solid-photon-318014"}}}
[info] 
[info] === Your Firebase project is ready! ===
[info] 
[info] Project information:
[info]    - Project ID: solid-photon-318014
[info]    - Project Name: My Project
[info] 
[info] Firebase console is available at
[info] https://console.firebase.google.com/project/solid-photon-318014/overview
[info] i  Using project solid-photon-318014 (My Project) 
[info] 
=== Database Setup
[info] i  database: ensuring required API firebasedatabase.googleapis.com is enabled... 
[debug] [2022-12-20T17:48:21.215Z] >>> [apiv2][query] GET https://serviceusage.googleapis.com/v1/projects/solid-photon-318014/services/firebasedatabase.googleapis.com [none]
[debug] [2022-12-20T17:48:21.215Z] >>> [apiv2][(partial)header] GET https://serviceusage.googleapis.com/v1/projects/solid-photon-318014/services/firebasedatabase.googleapis.com x-goog-quota-user=projects/solid-photon-318014
[debug] [2022-12-20T17:48:22.938Z] <<< [apiv2][status] GET https://serviceusage.googleapis.com/v1/projects/solid-photon-318014/services/firebasedatabase.googleapis.com 200
[debug] [2022-12-20T17:48:22.938Z] <<< [apiv2][body] GET https://serviceusage.googleapis.com/v1/projects/solid-photon-318014/services/firebasedatabase.googleapis.com [omitted]
[warn] !  database: missing required API firebasedatabase.googleapis.com. Enabling now... 
[debug] [2022-12-20T17:48:22.940Z] >>> [apiv2][query] POST https://serviceusage.googleapis.com/v1/projects/solid-photon-318014/services/firebasedatabase.googleapis.com:enable [none]
[debug] [2022-12-20T17:48:22.940Z] >>> [apiv2][(partial)header] POST https://serviceusage.googleapis.com/v1/projects/solid-photon-318014/services/firebasedatabase.googleapis.com:enable x-goog-quota-user=projects/solid-photon-318014
[debug] [2022-12-20T17:48:24.954Z] <<< [apiv2][status] POST https://serviceusage.googleapis.com/v1/projects/solid-photon-318014/services/firebasedatabase.googleapis.com:enable 200
[debug] [2022-12-20T17:48:24.954Z] <<< [apiv2][body] POST https://serviceusage.googleapis.com/v1/projects/solid-photon-318014/services/firebasedatabase.googleapis.com:enable [omitted]
[debug] [2022-12-20T17:48:34.957Z] >>> [apiv2][query] GET https://serviceusage.googleapis.com/v1/projects/solid-photon-318014/services/firebasedatabase.googleapis.com [none]
[debug] [2022-12-20T17:48:34.958Z] >>> [apiv2][(partial)header] GET https://serviceusage.googleapis.com/v1/projects/solid-photon-318014/services/firebasedatabase.googleapis.com x-goog-quota-user=projects/solid-photon-318014
[debug] [2022-12-20T17:48:36.596Z] <<< [apiv2][status] GET https://serviceusage.googleapis.com/v1/projects/solid-photon-318014/services/firebasedatabase.googleapis.com 200
[debug] [2022-12-20T17:48:36.596Z] <<< [apiv2][body] GET https://serviceusage.googleapis.com/v1/projects/solid-photon-318014/services/firebasedatabase.googleapis.com [omitted]
[info] +  database: required API firebasedatabase.googleapis.com is enabled 
[info] 
[debug] [2022-12-20T17:48:36.605Z] >>> [apiv2][query] GET https://firebase.googleapis.com/v1beta1/projects/solid-photon-318014 [none]
[debug] [2022-12-20T17:48:37.104Z] <<< [apiv2][status] GET https://firebase.googleapis.com/v1beta1/projects/solid-photon-318014 200
[debug] [2022-12-20T17:48:37.104Z] <<< [apiv2][body] GET https://firebase.googleapis.com/v1beta1/projects/solid-photon-318014 {"projectId":"solid-photon-318014","projectNumber":"537044392110","displayName":"My Project","name":"projects/solid-photon-318014","resources":{"hostingSite":"solid-photon-318014"},"state":"ACTIVE","etag":"1_a5a44dec-50a7-4855-b79e-abcecbf867f5"}
[info] 
[info] Firebase Realtime Database Security Rules allow you to define how your data should be
[info] structured and when your data can be read from and written to.
[info] 
